1548234841235:help
1548234892354:translate help
1548235943117:scan
1548235949983:scan ~/Downloads
1548311649964:scan ./sample_txt_files
1548373732293:scan .sample_txt_files
1548373749006:scan ./sample_txt_files
1548384295178:scan --path-to-scan ./sample_txt_files
1548384487889:quit
1548384517619:scan ~/.sample_txt_files
1548384528916:scan ./sample_txt_files
1548385058179:quit
1548385099121:scan ./sample_txt_files
1548385406178:quit
1548385479526:scan ./sample_txt_files
1548385484387:quit
1548385793621:scan
1548386225703:quit
1548401470555:help
1548401493161:scan ./sample_txt_files
1548401549854:exit
1548401611095:scan ./sample_txt_files
1548401710542:scan ./sample_files
1548403543615:exit
1548403924279:scan ./sample_files
1548404098493:help
1548404106804:scan help
1548404114647:scan --help
1548404140779:scan
1548404397832:scan ./sample_files
1548404462437:scan
